0 info it worked if it ends with ok
1 verbose cli [ 'node', '/usr/local/bin/npm', 'bugs', 'zeeshansafdar' ]
2 info using npm@3.8.6
3 info using node@v0.10.35
4 verbose node symlink /usr/local/bin/node
5 silly fetchPackageMetaData zeeshansafdar
6 silly fetchNamedPackageData zeeshansafdar
7 silly mapToRegistry name zeeshansafdar
8 silly mapToRegistry using default registry
9 silly mapToRegistry registry https://registry.npmjs.org/
10 silly mapToRegistry data { raw: 'zeeshansafdar',
10 silly mapToRegistry   scope: null,
10 silly mapToRegistry   name: 'zeeshansafdar',
10 silly mapToRegistry   rawSpec: '',
10 silly mapToRegistry   spec: 'latest',
10 silly mapToRegistry   type: 'tag' }
11 silly mapToRegistry uri https://registry.npmjs.org/zeeshansafdar
12 verbose request uri https://registry.npmjs.org/zeeshansafdar
13 verbose request no auth needed
14 info attempt registry request try #1 at 16:00:20
15 verbose request id 68c0c40c2526f6a2
16 http request GET https://registry.npmjs.org/zeeshansafdar
17 http 404 https://registry.npmjs.org/zeeshansafdar
18 verbose headers { 'content-type': 'application/json',
18 verbose headers   'cache-control': 'max-age=0',
18 verbose headers   'content-length': '2',
18 verbose headers   'accept-ranges': 'bytes',
18 verbose headers   date: 'Fri, 24 Jun 2016 19:56:51 GMT',
18 verbose headers   via: '1.1 varnish',
18 verbose headers   age: '0',
18 verbose headers   connection: 'keep-alive',
18 verbose headers   'x-served-by': 'cache-ord1748-ORD',
18 verbose headers   'x-cache': 'MISS',
18 verbose headers   'x-cache-hits': '0',
18 verbose headers   'x-timer': 'S1466798211.002764,VS0,VE351',
18 verbose headers   vary: 'Accept-Encoding' }
19 silly get cb [ 404,
19 silly get   { 'content-type': 'application/json',
19 silly get     'cache-control': 'max-age=0',
19 silly get     'content-length': '2',
19 silly get     'accept-ranges': 'bytes',
19 silly get     date: 'Fri, 24 Jun 2016 19:56:51 GMT',
19 silly get     via: '1.1 varnish',
19 silly get     age: '0',
19 silly get     connection: 'keep-alive',
19 silly get     'x-served-by': 'cache-ord1748-ORD',
19 silly get     'x-cache': 'MISS',
19 silly get     'x-cache-hits': '0',
19 silly get     'x-timer': 'S1466798211.002764,VS0,VE351',
19 silly get     vary: 'Accept-Encoding' } ]
20 silly fetchPackageMetaData Error: Registry returned 404 for GET on https://registry.npmjs.org/zeeshansafdar
20 silly fetchPackageMetaData     at makeError (/usr/local/lib/node_modules/npm/node_modules/npm-registry-client/lib/request.js:264:12)
20 silly fetchPackageMetaData     at CachingRegistryClient.<anonymous> (/usr/local/lib/node_modules/npm/node_modules/npm-registry-client/lib/request.js:242:14)
20 silly fetchPackageMetaData     at Request._callback (/usr/local/lib/node_modules/npm/node_modules/npm-registry-client/lib/request.js:172:14)
20 silly fetchPackageMetaData     at Request.self.callback (/usr/local/lib/node_modules/npm/node_modules/request/request.js:199:22)
20 silly fetchPackageMetaData     at Request.emit (events.js:98:17)
20 silly fetchPackageMetaData     at Request.<anonymous> (/usr/local/lib/node_modules/npm/node_modules/request/request.js:1036:10)
20 silly fetchPackageMetaData     at Request.emit (events.js:117:20)
20 silly fetchPackageMetaData     at IncomingMessage.<anonymous> (/usr/local/lib/node_modules/npm/node_modules/request/request.js:963:12)
20 silly fetchPackageMetaData     at IncomingMessage.emit (events.js:117:20)
20 silly fetchPackageMetaData     at _stream_readable.js:944:16
20 silly fetchPackageMetaData  error for zeeshansafdar { [Error: Registry returned 404 for GET on https://registry.npmjs.org/zeeshansafdar] pkgid: 'zeeshansafdar', statusCode: 404, code: 'E404' }
21 verbose stack Error: Registry returned 404 for GET on https://registry.npmjs.org/zeeshansafdar
21 verbose stack     at makeError (/usr/local/lib/node_modules/npm/node_modules/npm-registry-client/lib/request.js:264:12)
21 verbose stack     at CachingRegistryClient.<anonymous> (/usr/local/lib/node_modules/npm/node_modules/npm-registry-client/lib/request.js:242:14)
21 verbose stack     at Request._callback (/usr/local/lib/node_modules/npm/node_modules/npm-registry-client/lib/request.js:172:14)
21 verbose stack     at Request.self.callback (/usr/local/lib/node_modules/npm/node_modules/request/request.js:199:22)
21 verbose stack     at Request.emit (events.js:98:17)
21 verbose stack     at Request.<anonymous> (/usr/local/lib/node_modules/npm/node_modules/request/request.js:1036:10)
21 verbose stack     at Request.emit (events.js:117:20)
21 verbose stack     at IncomingMessage.<anonymous> (/usr/local/lib/node_modules/npm/node_modules/request/request.js:963:12)
21 verbose stack     at IncomingMessage.emit (events.js:117:20)
21 verbose stack     at _stream_readable.js:944:16
22 verbose statusCode 404
23 verbose pkgid zeeshansafdar
24 verbose cwd /Users/zeeshan/projects/zeeshansafdar
25 error Darwin 14.3.0
26 error argv "node" "/usr/local/bin/npm" "bugs" "zeeshansafdar"
27 error node v0.10.35
28 error npm  v3.8.6
29 error code E404
30 error 404 Registry returned 404 for GET on https://registry.npmjs.org/zeeshansafdar
31 error 404
32 error 404 'zeeshansafdar' is not in the npm registry.
33 error 404 You should bug the author to publish it (or use the name yourself!)
34 error 404 Note that you can also install from a
35 error 404 tarball, folder, http url, or git url.
36 verbose exit [ 1, true ]
